<?xml version="1.0" encoding="UTF-8"?>
<!-- Generated by org.testng.reporters.JUnitXMLReporter -->
<testsuite ignored="0" hostname="DESKTOP-10E3PP0" failures="0" tests="3" name="Surefire test" time="37.927" errors="0" timestamp="2024-02-21T03:42:26 EST">
  <testcase classname="DerivWebAutomationProject.tests.TestLogInFunctionality" name="loginPageAuthenticateSuccessfully" time="2.654"/>
  <testcase classname="DerivWebAutomationProject.tests.TestLogOutFunctionality" name="validateLogOut" time="4.855"/>
  <testcase classname="DerivWebAutomationProject.tests.TestMyInfoFunctionality" name="validateUpdatesOnMyInfo" time="6.418"/>
</testsuite> <!-- Surefire test -->
