<?xml version="1.0" encoding="UTF-8"?>
<!-- Generated by org.testng.reporters.JUnitXMLReporter -->
<testsuite ignored="0" hostname="DESKTOP-10E3PP0" failures="0" tests="3" name="Test" time="41.813" errors="0" timestamp="2024-02-21T03:55:49 EST">
  <testcase classname="DerivWebAutomationProject.tests.TestMyInfoFunctionality" name="validateUpdatesOnMyInfo" time="6.643"/>
  <testcase classname="DerivWebAutomationProject.tests.TestLogOutFunctionality" name="validateLogOut" time="4.745"/>
  <testcase classname="DerivWebAutomationProject.tests.TestLogInFunctionality" name="loginPageAuthenticateSuccessfully" time="2.752"/>
</testsuite> <!-- Test -->
