<?xml version="1.0" encoding="UTF-8"?>
<testng-results ignored="0" total="3" passed="3" failed="0" skipped="0">
  <reporter-output>
  </reporter-output>
  <suite started-at="2024-02-21T03:55:07 EST" name="Suite" finished-at="2024-02-21T03:55:49 EST" duration-ms="41813">
    <groups>
    </groups>
    <test started-at="2024-02-21T03:55:07 EST" name="Test" finished-at="2024-02-21T03:55:49 EST" duration-ms="41813">
      <class name="DerivWebAutomationProject.tests.TestMyInfoFunctionality">
        <test-method is-config="true" signature="launchApplication()[pri:0, instance:DerivWebAutomationProject.tests.TestMyInfoFunctionality@48075da3]" started-at="2024-02-21T03:55:07 EST" name="launchApplication" finished-at="2024-02-21T03:55:20 EST" duration-ms="12674" status="PASS">
          <reporter-output>
          </reporter-output>
        </test-method> <!-- launchApplication -->
        <test-method signature="validateUpdatesOnMyInfo()[pri:0, instance:DerivWebAutomationProject.tests.TestMyInfoFunctionality@48075da3]" started-at="2024-02-21T03:55:20 EST" name="validateUpdatesOnMyInfo" finished-at="2024-02-21T03:55:27 EST" duration-ms="6643" status="PASS">
          <reporter-output>
          </reporter-output>
        </test-method> <!-- validateUpdatesOnMyInfo -->
        <test-method is-config="true" signature="closeDriver()[pri:0, instance:DerivWebAutomationProject.tests.TestMyInfoFunctionality@48075da3]" started-at="2024-02-21T03:55:27 EST" name="closeDriver" finished-at="2024-02-21T03:55:27 EST" duration-ms="90" status="PASS">
          <reporter-output>
          </reporter-output>
        </test-method> <!-- closeDriver -->
      </class> <!-- DerivWebAutomationProject.tests.TestMyInfoFunctionality -->
      <class name="DerivWebAutomationProject.tests.TestLogOutFunctionality">
        <test-method is-config="true" signature="launchApplication()[pri:0, instance:DerivWebAutomationProject.tests.TestLogOutFunctionality@4d1c005e]" started-at="2024-02-21T03:55:27 EST" name="launchApplication" finished-at="2024-02-21T03:55:35 EST" duration-ms="8051" status="PASS">
          <reporter-output>
          </reporter-output>
        </test-method> <!-- launchApplication -->
        <test-method signature="validateLogOut()[pri:0, instance:DerivWebAutomationProject.tests.TestLogOutFunctionality@4d1c005e]" started-at="2024-02-21T03:55:35 EST" name="validateLogOut" finished-at="2024-02-21T03:55:39 EST" duration-ms="4745" status="PASS">
          <reporter-output>
          </reporter-output>
        </test-method> <!-- validateLogOut -->
        <test-method is-config="true" signature="closeDriver()[pri:0, instance:DerivWebAutomationProject.tests.TestLogOutFunctionality@4d1c005e]" started-at="2024-02-21T03:55:39 EST" name="closeDriver" finished-at="2024-02-21T03:55:40 EST" duration-ms="104" status="PASS">
          <reporter-output>
          </reporter-output>
        </test-method> <!-- closeDriver -->
      </class> <!-- DerivWebAutomationProject.tests.TestLogOutFunctionality -->
      <class name="DerivWebAutomationProject.tests.TestLogInFunctionality">
        <test-method is-config="true" signature="launchApplication()[pri:0, instance:DerivWebAutomationProject.tests.TestLogInFunctionality@8462f31]" started-at="2024-02-21T03:55:40 EST" name="launchApplication" finished-at="2024-02-21T03:55:46 EST" duration-ms="6602" status="PASS">
          <reporter-output>
          </reporter-output>
        </test-method> <!-- launchApplication -->
        <test-method signature="loginPageAuthenticateSuccessfully()[pri:0, instance:DerivWebAutomationProject.tests.TestLogInFunctionality@8462f31]" started-at="2024-02-21T03:55:46 EST" name="loginPageAuthenticateSuccessfully" finished-at="2024-02-21T03:55:49 EST" duration-ms="2752" status="PASS">
          <reporter-output>
          </reporter-output>
        </test-method> <!-- loginPageAuthenticateSuccessfully -->
        <test-method is-config="true" signature="closeDriver()[pri:0, instance:DerivWebAutomationProject.tests.TestLogInFunctionality@8462f31]" started-at="2024-02-21T03:55:49 EST" name="closeDriver" finished-at="2024-02-21T03:55:49 EST" duration-ms="112" status="PASS">
          <reporter-output>
          </reporter-output>
        </test-method> <!-- closeDriver -->
      </class> <!-- DerivWebAutomationProject.tests.TestLogInFunctionality -->
    </test> <!-- Test -->
  </suite> <!-- Suite -->
</testng-results>
