<?xml version="1.0" encoding="UTF-8"?>
<testng-results ignored="0" total="1" passed="1" failed="0" skipped="0">
  <reporter-output>
  </reporter-output>
  <suite started-at="2024-02-21T03:00:48 EST" name="Default suite" finished-at="2024-02-21T03:01:02 EST" duration-ms="13395">
    <groups>
    </groups>
    <test started-at="2024-02-21T03:00:48 EST" name="Default test" finished-at="2024-02-21T03:01:02 EST" duration-ms="13395">
      <class name="DerivWebAutomationProject.tests.TestMyInfoFunctionality">
        <test-method is-config="true" signature="launchApplication()[pri:0, instance:DerivWebAutomationProject.tests.TestMyInfoFunctionality@d5b810e]" started-at="2024-02-21T03:00:48 EST" name="launchApplication" finished-at="2024-02-21T03:00:56 EST" duration-ms="7125" status="PASS">
          <reporter-output>
          </reporter-output>
        </test-method> <!-- launchApplication -->
        <test-method signature="validateUpdatesOnMyInfo()[pri:0, instance:DerivWebAutomationProject.tests.TestMyInfoFunctionality@d5b810e]" started-at="2024-02-21T03:00:56 EST" name="validateUpdatesOnMyInfo" finished-at="2024-02-21T03:01:02 EST" duration-ms="6102" status="PASS">
          <reporter-output>
          </reporter-output>
        </test-method> <!-- validateUpdatesOnMyInfo -->
        <test-method is-config="true" signature="closeDriver()[pri:0, instance:DerivWebAutomationProject.tests.TestMyInfoFunctionality@d5b810e]" started-at="2024-02-21T03:01:02 EST" name="closeDriver" finished-at="2024-02-21T03:01:02 EST" duration-ms="126" status="PASS">
          <reporter-output>
          </reporter-output>
        </test-method> <!-- closeDriver -->
      </class> <!-- DerivWebAutomationProject.tests.TestMyInfoFunctionality -->
    </test> <!-- Default test -->
  </suite> <!-- Default suite -->
</testng-results>
